Traceback (most recent call last):
  File "/opt/hostedtoolcache/Python/3.8.16/x64/lib/python3.8/site-packages/jupyter_cache/executors/utils.py", line 58, in single_nb_execution
    executenb(
  File "/opt/hostedtoolcache/Python/3.8.16/x64/lib/python3.8/site-packages/nbclient/client.py", line 1305, in execute
    return NotebookClient(nb=nb, resources=resources, km=km, **kwargs).execute()
  File "/opt/hostedtoolcache/Python/3.8.16/x64/lib/python3.8/site-packages/jupyter_core/utils/__init__.py", line 166, in wrapped
    return loop.run_until_complete(inner)
  File "/opt/hostedtoolcache/Python/3.8.16/x64/lib/python3.8/asyncio/base_events.py", line 616, in run_until_complete
    return future.result()
  File "/opt/hostedtoolcache/Python/3.8.16/x64/lib/python3.8/site-packages/nbclient/client.py", line 705, in async_execute
    await self.async_execute_cell(
  File "/opt/hostedtoolcache/Python/3.8.16/x64/lib/python3.8/site-packages/nbclient/client.py", line 1058, in async_execute_cell
    await self._check_raise_for_error(cell, cell_index, exec_reply)
  File "/opt/hostedtoolcache/Python/3.8.16/x64/lib/python3.8/site-packages/nbclient/client.py", line 914, in _check_raise_for_error
    raise CellExecutionError.from_cell_and_msg(cell, exec_reply_content)
nbclient.exceptions.CellExecutionError: An error occurred while executing the following cell:
------------------
# NOTE: This is only works with 1 channel (mono).  To record a mono audio sample,
# you can use this command: rec -r 44100 -c 1 -b 16 test.wav
(sample_rate, input_signal) = scipy.io.wavfile.read("audio/ah.wav")
time_array = np.arange(0, len(input_signal)/sample_rate, 1/sample_rate)
------------------


[0;31m---------------------------------------------------------------------------[0m
[0;31mFileNotFoundError[0m                         Traceback (most recent call last)
Cell [0;32mIn[12], line 3[0m
[1;32m      1[0m [38;5;66;03m# NOTE: This is only works with 1 channel (mono).  To record a mono audio sample,[39;00m
[1;32m      2[0m [38;5;66;03m# you can use this command: rec -r 44100 -c 1 -b 16 test.wav[39;00m
[0;32m----> 3[0m (sample_rate, input_signal) [38;5;241m=[39m [43mscipy[49m[38;5;241;43m.[39;49m[43mio[49m[38;5;241;43m.[39;49m[43mwavfile[49m[38;5;241;43m.[39;49m[43mread[49m[43m([49m[38;5;124;43m"[39;49m[38;5;124;43maudio/ah.wav[39;49m[38;5;124;43m"[39;49m[43m)[49m
[1;32m      4[0m time_array [38;5;241m=[39m np[38;5;241m.[39marange([38;5;241m0[39m, [38;5;28mlen[39m(input_signal)[38;5;241m/[39msample_rate, [38;5;241m1[39m[38;5;241m/[39msample_rate)

File [0;32m/opt/hostedtoolcache/Python/3.8.16/x64/lib/python3.8/site-packages/scipy/io/wavfile.py:647[0m, in [0;36mread[0;34m(filename, mmap)[0m
[1;32m    645[0m     mmap [38;5;241m=[39m [38;5;28;01mFalse[39;00m
[1;32m    646[0m [38;5;28;01melse[39;00m:
[0;32m--> 647[0m     fid [38;5;241m=[39m [38;5;28;43mopen[39;49m[43m([49m[43mfilename[49m[43m,[49m[43m [49m[38;5;124;43m'[39;49m[38;5;124;43mrb[39;49m[38;5;124;43m'[39;49m[43m)[49m
[1;32m    649[0m [38;5;28;01mtry[39;00m:
[1;32m    650[0m     file_size, is_big_endian [38;5;241m=[39m _read_riff_chunk(fid)

[0;31mFileNotFoundError[0m: [Errno 2] No such file or directory: 'audio/ah.wav'

