Traceback (most recent call last):
  File "/opt/hostedtoolcache/Python/3.8.14/x64/lib/python3.8/site-packages/jupyter_cache/executors/utils.py", line 51, in single_nb_execution
    executenb(
  File "/opt/hostedtoolcache/Python/3.8.14/x64/lib/python3.8/site-packages/nbclient/client.py", line 1204, in execute
    return NotebookClient(nb=nb, resources=resources, km=km, **kwargs).execute()
  File "/opt/hostedtoolcache/Python/3.8.14/x64/lib/python3.8/site-packages/nbclient/util.py", line 84, in wrapped
    return just_run(coro(*args, **kwargs))
  File "/opt/hostedtoolcache/Python/3.8.14/x64/lib/python3.8/site-packages/nbclient/util.py", line 62, in just_run
    return loop.run_until_complete(coro)
  File "/opt/hostedtoolcache/Python/3.8.14/x64/lib/python3.8/asyncio/base_events.py", line 616, in run_until_complete
    return future.result()
  File "/opt/hostedtoolcache/Python/3.8.14/x64/lib/python3.8/site-packages/nbclient/client.py", line 663, in async_execute
    await self.async_execute_cell(
  File "/opt/hostedtoolcache/Python/3.8.14/x64/lib/python3.8/site-packages/nbclient/client.py", line 965, in async_execute_cell
    await self._check_raise_for_error(cell, cell_index, exec_reply)
  File "/opt/hostedtoolcache/Python/3.8.14/x64/lib/python3.8/site-packages/nbclient/client.py", line 862, in _check_raise_for_error
    raise CellExecutionError.from_cell_and_msg(cell, exec_reply_content)
nbclient.exceptions.CellExecutionError: An error occurred while executing the following cell:
------------------
### Create an array of quantum numbers for the PIB states... 1 to 100 should be adequate
n_array = np.linspace(1,100,100)
### Each quantum number n has a corresponding (complex) coefficient c_n 
cn_array = np.zeros(len(n_array),dtype=complex)

for i in range(0,100):
    ### get energy eigenstate n
    psi = PIB(L,n_array[i],x)
    ### multiply psi_n by gaussian wavepacket
    integrand = np.conj(psi)*Psi_gp
    ### get coefficient c_n from the integral of psi_n * Psi_gp
    cn_array[i] = integrate(x, integrand)



------------------

[0;31m---------------------------------------------------------------------------[0m
[0;31mNameError[0m                                 Traceback (most recent call last)
Cell [0;32mIn[6], line 10[0m
[1;32m      8[0m psi [38;5;241m=[39m PIB(L,n_array[i],x)
[1;32m      9[0m [38;5;66;03m### multiply psi_n by gaussian wavepacket[39;00m
[0;32m---> 10[0m integrand [38;5;241m=[39m np[38;5;241m.[39mconj(psi)[38;5;241m*[39m[43mPsi_gp[49m
[1;32m     11[0m [38;5;66;03m### get coefficient c_n from the integral of psi_n * Psi_gp[39;00m
[1;32m     12[0m cn_array[i] [38;5;241m=[39m integrate(x, integrand)

[0;31mNameError[0m: name 'Psi_gp' is not defined
NameError: name 'Psi_gp' is not defined

