Traceback (most recent call last):
  File "/opt/hostedtoolcache/Python/3.8.14/x64/lib/python3.8/site-packages/jupyter_cache/executors/utils.py", line 51, in single_nb_execution
    executenb(
  File "/opt/hostedtoolcache/Python/3.8.14/x64/lib/python3.8/site-packages/nbclient/client.py", line 1204, in execute
    return NotebookClient(nb=nb, resources=resources, km=km, **kwargs).execute()
  File "/opt/hostedtoolcache/Python/3.8.14/x64/lib/python3.8/site-packages/nbclient/util.py", line 84, in wrapped
    return just_run(coro(*args, **kwargs))
  File "/opt/hostedtoolcache/Python/3.8.14/x64/lib/python3.8/site-packages/nbclient/util.py", line 62, in just_run
    return loop.run_until_complete(coro)
  File "/opt/hostedtoolcache/Python/3.8.14/x64/lib/python3.8/asyncio/base_events.py", line 616, in run_until_complete
    return future.result()
  File "/opt/hostedtoolcache/Python/3.8.14/x64/lib/python3.8/site-packages/nbclient/client.py", line 663, in async_execute
    await self.async_execute_cell(
  File "/opt/hostedtoolcache/Python/3.8.14/x64/lib/python3.8/site-packages/nbclient/client.py", line 965, in async_execute_cell
    await self._check_raise_for_error(cell, cell_index, exec_reply)
  File "/opt/hostedtoolcache/Python/3.8.14/x64/lib/python3.8/site-packages/nbclient/client.py", line 862, in _check_raise_for_error
    raise CellExecutionError.from_cell_and_msg(cell, exec_reply_content)
nbclient.exceptions.CellExecutionError: An error occurred while executing the following cell:
------------------
# compute eigenvalues and eigenvectors of Hamiltonian_matrix
# store eigenvalues to E_opt and eigenvectors to c_opt
E_opt, c_opt = np.linalg.eigh(Hamiltonian_matrix)

# print lowest eigenvalues corresponding to the 
# variational estimate of the ground state energy
print(F'The variational ground state energy with {n_basis} basis functions is {E_opt[0]:.6f} atomic units')
# see how this corresponds to the energy expectation value of the ground state of the ordinary particle in a box,
# <1|H|1>
print(F'This result is {E_psi_1-E_opt[0]:.6f} atomic units lower than if we used \psi_1 as a trial wavefunction.')


------------------

[0;31m---------------------------------------------------------------------------[0m
[0;31mNameError[0m                                 Traceback (most recent call last)
Cell [0;32mIn [5], line 7[0m
[1;32m      3[0m E_opt, c_opt [38;5;241m=[39m np[38;5;241m.[39mlinalg[38;5;241m.[39meigh(Hamiltonian_matrix)
[1;32m      5[0m [38;5;66;03m# print lowest eigenvalues corresponding to the [39;00m
[1;32m      6[0m [38;5;66;03m# variational estimate of the ground state energy[39;00m
[0;32m----> 7[0m [38;5;28mprint[39m([38;5;124mF[39m[38;5;124m'[39m[38;5;124mThe variational ground state energy with [39m[38;5;132;01m{[39;00mn_basis[38;5;132;01m}[39;00m[38;5;124m basis functions is [39m[38;5;132;01m{[39;00mE_opt[[38;5;241m0[39m][38;5;132;01m:[39;00m[38;5;124m.6f[39m[38;5;132;01m}[39;00m[38;5;124m atomic units[39m[38;5;124m'[39m)
[1;32m      8[0m [38;5;66;03m# see how this corresponds to the energy expectation value of the ground state of the ordinary particle in a box,[39;00m
[1;32m      9[0m [38;5;66;03m# <1|H|1>[39;00m
[1;32m     10[0m [38;5;28mprint[39m([38;5;124mF[39m[38;5;124m'[39m[38;5;124mThis result is [39m[38;5;132;01m{[39;00mE_psi_1[38;5;241m-[39mE_opt[[38;5;241m0[39m][38;5;132;01m:[39;00m[38;5;124m.6f[39m[38;5;132;01m}[39;00m[38;5;124m atomic units lower than if we used [39m[38;5;124m\[39m[38;5;124mpsi_1 as a trial wavefunction.[39m[38;5;124m'[39m)

[0;31mNameError[0m: name 'n_basis' is not defined
NameError: name 'n_basis' is not defined

